app/build/intermediates/manifest_merge_blame_file/debug/manifest-merger-blame-debug-report.txt
1<?xml version="1.0" encoding="utf-8"?>
2<manifest xmlns:android="http://schemas.android.com/apk/res/android"
3    package="com.chachaup.iplant"
4    android:versionCode="1"
5    android:versionName="1.0" >
6
7    <uses-sdk
8        android:minSdkVersion="29"
8-->src/main/AndroidManifest.xml
9        android:targetSdkVersion="33" />
9-->src/main/AndroidManifest.xml
10
11    <uses-permission android:name="android.permission.INTERNET" />
11-->src/main/AndroidManifest.xml:5:5-66
11-->src/main/AndroidManifest.xml:5:22-64
12
13    <permission
13-->[androidx.core:core:1.9.0] AndroidManifest.xml:22:5-24:47
14        android:name="com.chachaup.iplant.DYNAMIC_RECEIVER_NOT_EXPORTED_PERMISSION"
14-->[androidx.core:core:1.9.0] AndroidManifest.xml:23:9-81
15        android:protectionLevel="signature" />
15-->[androidx.core:core:1.9.0] AndroidManifest.xml:24:9-44
16
17    <uses-permission android:name="com.chachaup.iplant.DYNAMIC_RECEIVER_NOT_EXPORTED_PERMISSION" /> <!-- Permission will be merged into the manifest of the hosting app. -->
17-->[androidx.core:core:1.9.0] AndroidManifest.xml:26:5-97
17-->[androidx.core:core:1.9.0] AndroidManifest.xml:26:22-94
18    <!-- Is required to launch foreground extraction service for targetSdkVersion 28+. -->
19    <uses-permission android:name="android.permission.FOREGROUND_SERVICE" />
19-->[com.google.android.play:core:1.10.3] AndroidManifest.xml:13:5-77
19-->[com.google.android.play:core:1.10.3] AndroidManifest.xml:13:22-74
20
21    <application
21-->src/main/AndroidManifest.xml:7:5-31:19
22        android:name="com.chachaup.iplant.IPlantApplication"
22-->src/main/AndroidManifest.xml:8:9-42
23        android:allowBackup="true"
23-->src/main/AndroidManifest.xml:9:9-35
24        android:appComponentFactory="androidx.core.app.CoreComponentFactory"
24-->[androidx.core:core:1.9.0] AndroidManifest.xml:28:18-86
25        android:dataExtractionRules="@xml/data_extraction_rules"
25-->src/main/AndroidManifest.xml:10:9-65
26        android:debuggable="true"
27        android:extractNativeLibs="false"
28        android:fullBackupContent="@xml/backup_rules"
28-->src/main/AndroidManifest.xml:11:9-54
29        android:icon="@mipmap/ic_launcher"
29-->src/main/AndroidManifest.xml:12:9-43
30        android:label="@string/app_name"
30-->src/main/AndroidManifest.xml:13:9-41
31        android:roundIcon="@mipmap/ic_launcher_round"
31-->src/main/AndroidManifest.xml:14:9-54
32        android:supportsRtl="true"
32-->src/main/AndroidManifest.xml:15:9-35
33        android:testOnly="true"
34        android:theme="@style/Theme.IPlant" >
34-->src/main/AndroidManifest.xml:16:9-44
35        <activity
35-->src/main/AndroidManifest.xml:18:9-30:20
36            android:name="com.chachaup.iplant.MainActivity"
36-->src/main/AndroidManifest.xml:19:13-41
37            android:exported="true" >
37-->src/main/AndroidManifest.xml:20:13-36
38            <intent-filter>
38-->src/main/AndroidManifest.xml:21:13-25:29
39                <action android:name="android.intent.action.MAIN" />
39-->src/main/AndroidManifest.xml:22:17-69
39-->src/main/AndroidManifest.xml:22:25-66
40
41                <category android:name="android.intent.category.LAUNCHER" />
41-->src/main/AndroidManifest.xml:24:17-77
41-->src/main/AndroidManifest.xml:24:27-74
42            </intent-filter>
43
44            <meta-data
44-->src/main/AndroidManifest.xml:27:13-29:36
45                android:name="android.app.lib_name"
45-->src/main/AndroidManifest.xml:28:17-52
46                android:value="" />
46-->src/main/AndroidManifest.xml:29:17-33
47        </activity>
48        <activity
48-->[com.google.android.gms:play-services-auth:20.4.0] AndroidManifest.xml:23:9-27:75
49            android:name="com.google.android.gms.auth.api.signin.internal.SignInHubActivity"
49-->[com.google.android.gms:play-services-auth:20.4.0] AndroidManifest.xml:24:13-93
50            android:excludeFromRecents="true"
50-->[com.google.android.gms:play-services-auth:20.4.0] AndroidManifest.xml:25:13-46
51            android:exported="false"
51-->[com.google.android.gms:play-services-auth:20.4.0] AndroidManifest.xml:26:13-37
52            android:theme="@android:style/Theme.Translucent.NoTitleBar" />
52-->[com.google.android.gms:play-services-auth:20.4.0] AndroidManifest.xml:27:13-72
53        <!--
54            Service handling Google Sign-In user revocation. For apps that do not integrate with
55            Google Sign-In, this service will never be started.
56        -->
57        <service
57-->[com.google.android.gms:play-services-auth:20.4.0] AndroidManifest.xml:33:9-37:51
58            android:name="com.google.android.gms.auth.api.signin.RevocationBoundService"
58-->[com.google.android.gms:play-services-auth:20.4.0] AndroidManifest.xml:34:13-89
59            android:exported="true"
59-->[com.google.android.gms:play-services-auth:20.4.0] AndroidManifest.xml:35:13-36
60            android:permission="com.google.android.gms.auth.api.signin.permission.REVOCATION_NOTIFICATION"
60-->[com.google.android.gms:play-services-auth:20.4.0] AndroidManifest.xml:36:13-107
61            android:visibleToInstantApps="true" />
61-->[com.google.android.gms:play-services-auth:20.4.0] AndroidManifest.xml:37:13-48
62
63        <activity
63-->[com.google.android.gms:play-services-base:18.0.1] AndroidManifest.xml:20:9-22:45
64            android:name="com.google.android.gms.common.api.GoogleApiActivity"
64-->[com.google.android.gms:play-services-base:18.0.1] AndroidManifest.xml:20:19-85
65            android:exported="false"
65-->[com.google.android.gms:play-services-base:18.0.1] AndroidManifest.xml:22:19-43
66            android:theme="@android:style/Theme.Translucent.NoTitleBar" />
66-->[com.google.android.gms:play-services-base:18.0.1] AndroidManifest.xml:21:19-78
67
68        <meta-data
68-->[com.google.android.gms:play-services-basement:18.1.0] AndroidManifest.xml:21:9-23:69
69            android:name="com.google.android.gms.version"
69-->[com.google.android.gms:play-services-basement:18.1.0] AndroidManifest.xml:22:13-58
70            android:value="@integer/google_play_services_version" />
70-->[com.google.android.gms:play-services-basement:18.1.0] AndroidManifest.xml:23:13-66
71
72        <provider
72-->[androidx.emoji2:emoji2:1.2.0] AndroidManifest.xml:24:9-32:20
73            android:name="androidx.startup.InitializationProvider"
73-->[androidx.emoji2:emoji2:1.2.0] AndroidManifest.xml:25:13-67
74            android:authorities="com.chachaup.iplant.androidx-startup"
74-->[androidx.emoji2:emoji2:1.2.0] AndroidManifest.xml:26:13-68
75            android:exported="false" >
75-->[androidx.emoji2:emoji2:1.2.0] AndroidManifest.xml:27:13-37
76            <meta-data
76-->[androidx.emoji2:emoji2:1.2.0] AndroidManifest.xml:29:13-31:52
77                android:name="androidx.emoji2.text.EmojiCompatInitializer"
77-->[androidx.emoji2:emoji2:1.2.0] AndroidManifest.xml:30:17-75
78                android:value="androidx.startup" />
78-->[androidx.emoji2:emoji2:1.2.0] AndroidManifest.xml:31:17-49
79            <meta-data
79-->[androidx.lifecycle:lifecycle-process:2.6.0-alpha03] AndroidManifest.xml:29:13-31:52
80                android:name="androidx.lifecycle.ProcessLifecycleInitializer"
80-->[androidx.lifecycle:lifecycle-process:2.6.0-alpha03] AndroidManifest.xml:30:17-78
81                android:value="androidx.startup" />
81-->[androidx.lifecycle:lifecycle-process:2.6.0-alpha03] AndroidManifest.xml:31:17-49
82            <meta-data
82-->[androidx.profileinstaller:profileinstaller:1.0.1] AndroidManifest.xml:31:13-33:52
83                android:name="androidx.profileinstaller.ProfileInstallerInitializer"
83-->[androidx.profileinstaller:profileinstaller:1.0.1] AndroidManifest.xml:32:17-85
84                android:value="androidx.startup" />
84-->[androidx.profileinstaller:profileinstaller:1.0.1] AndroidManifest.xml:33:17-49
85        </provider>
86
87        <uses-library
87-->[androidx.window:window:1.0.0] AndroidManifest.xml:25:9-27:40
88            android:name="androidx.window.extensions"
88-->[androidx.window:window:1.0.0] AndroidManifest.xml:26:13-54
89            android:required="false" />
89-->[androidx.window:window:1.0.0] AndroidManifest.xml:27:13-37
90        <uses-library
90-->[androidx.window:window:1.0.0] AndroidManifest.xml:28:9-30:40
91            android:name="androidx.window.sidecar"
91-->[androidx.window:window:1.0.0] AndroidManifest.xml:29:13-51
92            android:required="false" />
92-->[androidx.window:window:1.0.0] AndroidManifest.xml:30:13-37
93
94        <service
94-->[androidx.room:room-runtime:2.4.3] AndroidManifest.xml:25:9-28:40
95            android:name="androidx.room.MultiInstanceInvalidationService"
95-->[androidx.room:room-runtime:2.4.3] AndroidManifest.xml:26:13-74
96            android:directBootAware="true"
96-->[androidx.room:room-runtime:2.4.3] AndroidManifest.xml:27:13-43
97            android:exported="false" />
97-->[androidx.room:room-runtime:2.4.3] AndroidManifest.xml:28:13-37
98
99        <provider
99-->[com.squareup.picasso:picasso:2.8] AndroidManifest.xml:8:9-11:40
100            android:name="com.squareup.picasso.PicassoProvider"
100-->[com.squareup.picasso:picasso:2.8] AndroidManifest.xml:9:13-64
101            android:authorities="com.chachaup.iplant.com.squareup.picasso"
101-->[com.squareup.picasso:picasso:2.8] AndroidManifest.xml:10:13-72
102            android:exported="false" />
102-->[com.squareup.picasso:picasso:2.8] AndroidManifest.xml:11:13-37
103
104        <receiver
104-->[androidx.profileinstaller:profileinstaller:1.0.1] AndroidManifest.xml:36:9-45:20
105            android:name="androidx.profileinstaller.ProfileInstallReceiver"
105-->[androidx.profileinstaller:profileinstaller:1.0.1] AndroidManifest.xml:37:13-76
106            android:directBootAware="false"
106-->[androidx.profileinstaller:profileinstaller:1.0.1] AndroidManifest.xml:38:13-44
107            android:enabled="true"
107-->[androidx.profileinstaller:profileinstaller:1.0.1] AndroidManifest.xml:39:13-35
108            android:exported="true"
108-->[androidx.profileinstaller:profileinstaller:1.0.1] AndroidManifest.xml:40:13-36
109            android:permission="android.permission.DUMP" >
109-->[androidx.profileinstaller:profileinstaller:1.0.1] AndroidManifest.xml:41:13-57
110            <intent-filter>
110-->[androidx.profileinstaller:profileinstaller:1.0.1] AndroidManifest.xml:42:13-44:29
111                <action android:name="androidx.profileinstaller.action.INSTALL_PROFILE" />
111-->[androidx.profileinstaller:profileinstaller:1.0.1] AndroidManifest.xml:43:17-91
111-->[androidx.profileinstaller:profileinstaller:1.0.1] AndroidManifest.xml:43:25-88
112            </intent-filter>
113        </receiver> <!-- The activities will be merged into the manifest of the hosting app. -->
114        <activity
114-->[com.google.android.play:core:1.10.3] AndroidManifest.xml:18:9-24:45
115            android:name="com.google.android.play.core.missingsplits.PlayCoreMissingSplitsActivity"
115-->[com.google.android.play:core:1.10.3] AndroidManifest.xml:19:13-100
116            android:enabled="false"
116-->[com.google.android.play:core:1.10.3] AndroidManifest.xml:20:13-36
117            android:exported="false"
117-->[com.google.android.play:core:1.10.3] AndroidManifest.xml:21:13-37
118            android:launchMode="singleInstance"
118-->[com.google.android.play:core:1.10.3] AndroidManifest.xml:22:13-48
119            android:process=":playcore_missing_splits_activity"
119-->[com.google.android.play:core:1.10.3] AndroidManifest.xml:23:13-64
120            android:stateNotNeeded="true" />
120-->[com.google.android.play:core:1.10.3] AndroidManifest.xml:24:13-42
121        <activity
121-->[com.google.android.play:core:1.10.3] AndroidManifest.xml:25:9-29:65
122            android:name="com.google.android.play.core.common.PlayCoreDialogWrapperActivity"
122-->[com.google.android.play:core:1.10.3] AndroidManifest.xml:26:13-93
123            android:exported="false"
123-->[com.google.android.play:core:1.10.3] AndroidManifest.xml:27:13-37
124            android:stateNotNeeded="true"
124-->[com.google.android.play:core:1.10.3] AndroidManifest.xml:28:13-42
125            android:theme="@style/Theme.PlayCore.Transparent" /> <!-- The services will be merged into the manifest of the hosting app. -->
125-->[com.google.android.play:core:1.10.3] AndroidManifest.xml:29:13-62
126        <service
126-->[com.google.android.play:core:1.10.3] AndroidManifest.xml:32:9-39:19
127            android:name="com.google.android.play.core.assetpacks.AssetPackExtractionService"
127-->[com.google.android.play:core:1.10.3] AndroidManifest.xml:33:13-94
128            android:enabled="false"
128-->[com.google.android.play:core:1.10.3] AndroidManifest.xml:34:13-36
129            android:exported="true" >
129-->[com.google.android.play:core:1.10.3] AndroidManifest.xml:35:13-36
130            <meta-data
130-->[com.google.android.play:core:1.10.3] AndroidManifest.xml:36:13-38:41
131                android:name="com.google.android.play.core.assetpacks.versionCode"
131-->[com.google.android.play:core:1.10.3] AndroidManifest.xml:37:17-83
132                android:value="11003" />
132-->[com.google.android.play:core:1.10.3] AndroidManifest.xml:38:17-38
133        </service>
134        <service
134-->[com.google.android.play:core:1.10.3] AndroidManifest.xml:40:9-43:40
135            android:name="com.google.android.play.core.assetpacks.ExtractionForegroundService"
135-->[com.google.android.play:core:1.10.3] AndroidManifest.xml:41:13-95
136            android:enabled="false"
136-->[com.google.android.play:core:1.10.3] AndroidManifest.xml:42:13-36
137            android:exported="false" />
137-->[com.google.android.play:core:1.10.3] AndroidManifest.xml:43:13-37
138    </application>
139
140</manifest>